20:33:46.738 [main] INFO  testCases.TC001_AccountRegistrationTest - click on my register link
20:33:46.806 [main] INFO  testCases.TC001_AccountRegistrationTest - Providing customer details
20:33:53.586 [main] INFO  testCases.TC001_AccountRegistrationTest - validating expected result
20:33:54.552 [main] INFO  testCases.TC001_AccountRegistrationTest - Exection finish
20:33:58.363 [main] INFO  testCases.TC002_LoginTest - Execution Start
23:46:03.397 [main] INFO  testCases.TC001_AccountRegistrationTest - Testcase Execution is started
23:46:03.736 [main] INFO  testCases.TC001_AccountRegistrationTest - click on my account link
23:46:04.155 [main] INFO  testCases.TC001_AccountRegistrationTest - click on my register link
23:46:04.196 [main] INFO  testCases.TC001_AccountRegistrationTest - Providing customer details
23:46:11.253 [main] INFO  testCases.TC001_AccountRegistrationTest - validating expected result
23:46:12.016 [main] INFO  testCases.TC001_AccountRegistrationTest - Exection finish
23:46:14.841 [main] INFO  testCases.TC002_LoginTest - Execution Start
23:47:49.047 [TestNG-tests-1] INFO  testCases.TC001_AccountRegistrationTest - Testcase Execution is started
23:47:49.812 [TestNG-tests-1] INFO  testCases.TC001_AccountRegistrationTest - click on my account link
23:47:50.357 [TestNG-tests-1] INFO  testCases.TC001_AccountRegistrationTest - click on my register link
23:47:50.361 [TestNG-tests-1] INFO  testCases.TC001_AccountRegistrationTest - Providing customer details
21:20:30.404 [main] DEBUG org.testng.TestNG - suiteXmlPath: "G:\eclips_workspace2024\OpencartV121\master.xml"
21:23:11.942 [main] INFO  testCases.TC001_AccountRegistrationTest - Testcase Execution is started
21:23:12.184 [main] INFO  testCases.TC001_AccountRegistrationTest - click on my account link
21:23:12.518 [main] INFO  testCases.TC001_AccountRegistrationTest - click on my register link
21:23:12.540 [main] INFO  testCases.TC001_AccountRegistrationTest - Providing customer details
21:23:19.286 [main] INFO  testCases.TC001_AccountRegistrationTest - validating expected result
21:23:19.900 [main] INFO  testCases.TC001_AccountRegistrationTest - Exection finish
21:23:22.581 [main] INFO  testCases.TC002_LoginTest - Execution Start
21:24:45.232 [main] DEBUG org.testng.TestNG - suiteXmlPath: "G:\eclips_workspace2024\OpencartV121\master.xml"
21:24:48.687 [main] INFO  testCases.TC001_AccountRegistrationTest - Testcase Execution is started
21:24:48.891 [main] INFO  testCases.TC001_AccountRegistrationTest - click on my account link
21:24:49.307 [main] INFO  testCases.TC001_AccountRegistrationTest - click on my register link
21:24:49.311 [main] INFO  testCases.TC001_AccountRegistrationTest - Providing customer details
21:24:56.097 [main] INFO  testCases.TC001_AccountRegistrationTest - validating expected result
21:24:56.801 [main] INFO  testCases.TC001_AccountRegistrationTest - Exection finish
21:24:59.252 [main] INFO  testCases.TC002_LoginTest - Execution Start
21:25:31.659 [main] DEBUG org.testng.TestNG - suiteXmlPath: "G:\eclips_workspace2024\OpencartV121\master.xml"
21:25:34.915 [main] INFO  testCases.TC001_AccountRegistrationTest - Testcase Execution is started
21:25:35.119 [main] INFO  testCases.TC001_AccountRegistrationTest - click on my account link
21:25:35.474 [main] INFO  testCases.TC001_AccountRegistrationTest - click on my register link
21:25:35.478 [main] INFO  testCases.TC001_AccountRegistrationTest - Providing customer details
21:25:42.253 [main] INFO  testCases.TC001_AccountRegistrationTest - validating expected result
21:25:42.970 [main] INFO  testCases.TC001_AccountRegistrationTest - Exection finish
21:25:46.518 [main] INFO  testCases.TC002_LoginTest - Execution Start
23:23:31.233 [main] DEBUG org.testng.TestNG - suiteXmlPath: "G:\eclips_workspace2024\OpencartV121\master.xml"
23:23:35.982 [main] INFO  testCases.TC001_AccountRegistrationTest - Testcase Execution is started
23:23:36.237 [main] INFO  testCases.TC001_AccountRegistrationTest - click on my account link
23:23:36.683 [main] INFO  testCases.TC001_AccountRegistrationTest - click on my register link
23:23:36.690 [main] INFO  testCases.TC001_AccountRegistrationTest - Providing customer details
23:23:43.840 [main] INFO  testCases.TC001_AccountRegistrationTest - validating expected result
23:23:44.478 [main] INFO  testCases.TC001_AccountRegistrationTest - Exection finish
23:23:47.377 [main] INFO  testCases.TC002_LoginTest - Execution Start
23:32:00.184 [main] DEBUG org.testng.TestNG - suiteXmlPath: "G:\eclips_workspace2024\OpencartV121\master.xml"
23:32:04.684 [main] INFO  testCases.TC001_AccountRegistrationTest - Testcase Execution is started
23:32:04.986 [main] INFO  testCases.TC001_AccountRegistrationTest - click on my account link
23:32:05.422 [main] INFO  testCases.TC001_AccountRegistrationTest - click on my register link
23:32:05.429 [main] INFO  testCases.TC001_AccountRegistrationTest - Providing customer details
23:32:12.586 [main] INFO  testCases.TC001_AccountRegistrationTest - validating expected result
