19:39:47.856 [TestNG-tests-1] INFO  testCases.TC001_AccountRegistrationTest - click on my register link
19:39:47.872 [TestNG-tests-1] INFO  testCases.TC001_AccountRegistrationTest - Providing customer details
19:39:48.106 [TestNG-tests-2] INFO  testCases.TC001_AccountRegistrationTest - click on my register link
19:39:48.107 [TestNG-tests-2] INFO  testCases.TC001_AccountRegistrationTest - Providing customer details
19:39:50.826 [TestNG-tests-3] INFO  testCases.TC001_AccountRegistrationTest - Testcase Execution is started
19:39:51.170 [TestNG-tests-3] INFO  testCases.TC001_AccountRegistrationTest - click on my account link
19:39:51.702 [TestNG-tests-3] INFO  testCases.TC001_AccountRegistrationTest - click on my register link
19:39:51.755 [TestNG-tests-3] INFO  testCases.TC001_AccountRegistrationTest - Providing customer details
19:39:55.573 [TestNG-tests-1] INFO  testCases.TC001_AccountRegistrationTest - validating expected result
19:39:56.170 [TestNG-tests-2] INFO  testCases.TC001_AccountRegistrationTest - validating expected result
19:39:56.341 [TestNG-tests-1] INFO  testCases.TC001_AccountRegistrationTest - Exection finish
19:39:56.918 [TestNG-tests-2] INFO  testCases.TC001_AccountRegistrationTest - Exection finish
19:39:58.535 [TestNG-tests-3] INFO  testCases.TC001_AccountRegistrationTest - validating expected result
19:39:59.190 [TestNG-tests-3] INFO  testCases.TC001_AccountRegistrationTest - Exection finish
19:40:42.719 [TestNG-tests-2] INFO  testCases.TC001_AccountRegistrationTest - Testcase Execution is started
19:40:42.719 [TestNG-tests-1] INFO  testCases.TC001_AccountRegistrationTest - Testcase Execution is started
19:40:43.011 [TestNG-tests-1] INFO  testCases.TC001_AccountRegistrationTest - click on my account link
19:40:43.168 [TestNG-tests-2] INFO  testCases.TC001_AccountRegistrationTest - click on my account link
19:40:43.599 [TestNG-tests-1] INFO  testCases.TC001_AccountRegistrationTest - click on my register link
19:40:43.602 [TestNG-tests-1] INFO  testCases.TC001_AccountRegistrationTest - Providing customer details
19:40:43.814 [TestNG-tests-2] INFO  testCases.TC001_AccountRegistrationTest - click on my register link
19:40:43.814 [TestNG-tests-2] INFO  testCases.TC001_AccountRegistrationTest - Providing customer details
19:40:47.209 [TestNG-tests-3] INFO  testCases.TC001_AccountRegistrationTest - Testcase Execution is started
19:40:47.534 [TestNG-tests-3] INFO  testCases.TC001_AccountRegistrationTest - click on my account link
19:40:47.996 [TestNG-tests-3] INFO  testCases.TC001_AccountRegistrationTest - click on my register link
19:40:47.997 [TestNG-tests-3] INFO  testCases.TC001_AccountRegistrationTest - Providing customer details
19:40:51.802 [TestNG-tests-1] INFO  testCases.TC001_AccountRegistrationTest - validating expected result
19:40:52.070 [TestNG-tests-2] INFO  testCases.TC001_AccountRegistrationTest - validating expected result
19:40:52.892 [TestNG-tests-1] INFO  testCases.TC001_AccountRegistrationTest - Exection finish
19:40:52.913 [TestNG-tests-2] INFO  testCases.TC001_AccountRegistrationTest - Exection finish
19:40:54.819 [TestNG-tests-3] INFO  testCases.TC001_AccountRegistrationTest - validating expected result
19:40:55.340 [TestNG-tests-3] INFO  testCases.TC001_AccountRegistrationTest - Exection finish
19:57:00.517 [main] INFO  testCases.TC001_AccountRegistrationTest - Testcase Execution is started
19:57:00.767 [main] INFO  testCases.TC001_AccountRegistrationTest - click on my account link
19:57:01.167 [main] INFO  testCases.TC001_AccountRegistrationTest - click on my register link
19:57:01.168 [main] INFO  testCases.TC001_AccountRegistrationTest - Providing customer details
19:57:07.894 [main] INFO  testCases.TC001_AccountRegistrationTest - validating expected result
19:57:08.619 [main] INFO  testCases.TC001_AccountRegistrationTest - Exection finish
19:57:32.567 [TestNG-tests-1] INFO  testCases.TC001_AccountRegistrationTest - Testcase Execution is started
19:57:32.773 [TestNG-tests-2] INFO  testCases.TC001_AccountRegistrationTest - Testcase Execution is started
19:57:33.035 [TestNG-tests-1] INFO  testCases.TC001_AccountRegistrationTest - click on my account link
19:57:33.087 [TestNG-tests-2] INFO  testCases.TC001_AccountRegistrationTest - click on my account link
19:57:33.973 [TestNG-tests-1] INFO  testCases.TC001_AccountRegistrationTest - click on my register link
19:57:33.985 [TestNG-tests-1] INFO  testCases.TC001_AccountRegistrationTest - Providing customer details
19:57:34.018 [TestNG-tests-2] INFO  testCases.TC001_AccountRegistrationTest - click on my register link
19:57:34.019 [TestNG-tests-2] INFO  testCases.TC001_AccountRegistrationTest - Providing customer details
19:57:37.345 [TestNG-tests-3] INFO  testCases.TC001_AccountRegistrationTest - Testcase Execution is started
19:57:37.683 [TestNG-tests-3] INFO  testCases.TC001_AccountRegistrationTest - click on my account link
19:57:38.190 [TestNG-tests-3] INFO  testCases.TC001_AccountRegistrationTest - click on my register link
